0 info it worked if it ends with ok
1 verbose cli [ 'C:\\Program Files (x86)\\nodejs\\\\node.exe',
1 verbose cli   'C:\\Program Files (x86)\\nodejs\\node_modules\\npm\\bin\\npm-cli.js',
1 verbose cli   'install',
1 verbose cli   'mongo-js',
1 verbose cli   '--save' ]
2 info using npm@1.4.28
3 info using node@v0.10.33
4 verbose node symlink C:\Program Files (x86)\nodejs\\node.exe
5 warn package.json scaleiq@1.0.0 No README data
6 verbose readDependencies using package.json deps
7 verbose cache add [ 'mongo-js', null ]
8 verbose cache add name=undefined spec="mongo-js" args=["mongo-js",null]
9 verbose parsed url { protocol: null,
9 verbose parsed url   slashes: null,
9 verbose parsed url   auth: null,
9 verbose parsed url   host: null,
9 verbose parsed url   port: null,
9 verbose parsed url   hostname: null,
9 verbose parsed url   hash: null,
9 verbose parsed url   search: null,
9 verbose parsed url   query: null,
9 verbose parsed url   pathname: 'mongo-js',
9 verbose parsed url   path: 'mongo-js',
9 verbose parsed url   href: 'mongo-js' }
10 silly lockFile df9d6892-mongo-js mongo-js
11 verbose lock mongo-js C:\Users\b-brkvar\AppData\Roaming\npm-cache\df9d6892-mongo-js.lock
12 silly lockFile df9d6892-mongo-js mongo-js
13 silly lockFile df9d6892-mongo-js mongo-js
14 verbose addNamed [ 'mongo-js', '' ]
15 verbose addNamed [ null, '*' ]
16 silly lockFile 4ff4b96b-mongo-js mongo-js@
17 verbose lock mongo-js@ C:\Users\b-brkvar\AppData\Roaming\npm-cache\4ff4b96b-mongo-js.lock
18 silly addNameRange { name: 'mongo-js', range: '*', hasData: false }
19 verbose request where is /mongo-js
20 verbose request registry https://registry.npmjs.org/
21 verbose request id a0d75c165516869a
22 verbose url raw /mongo-js
23 verbose url resolving [ 'https://registry.npmjs.org/', './mongo-js' ]
24 verbose url resolved https://registry.npmjs.org/mongo-js
25 verbose request where is https://registry.npmjs.org/mongo-js
26 info trying registry request attempt 1 at 20:16:20
27 http GET https://registry.npmjs.org/mongo-js
28 http 404 https://registry.npmjs.org/mongo-js
29 verbose headers { server: 'CouchDB/1.5.0 (Erlang OTP/R16B03)',
29 verbose headers   'content-type': 'application/json',
29 verbose headers   'cache-control': 'max-age=0',
29 verbose headers   'content-length': '51',
29 verbose headers   'accept-ranges': 'bytes',
29 verbose headers   date: 'Sun, 17 May 2015 03:16:21 GMT',
29 verbose headers   via: '1.1 varnish',
29 verbose headers   age: '0',
29 verbose headers   connection: 'keep-alive',
29 verbose headers   'x-served-by': 'cache-ams4125-AMS',
29 verbose headers   'x-cache': 'MISS',
29 verbose headers   'x-cache-hits': '0',
29 verbose headers   'x-timer': 'S1431832581.041494,VS0,VE664' }
30 silly registry.get cb [ 404,
30 silly registry.get   { server: 'CouchDB/1.5.0 (Erlang OTP/R16B03)',
30 silly registry.get     'content-type': 'application/json',
30 silly registry.get     'cache-control': 'max-age=0',
30 silly registry.get     'content-length': '51',
30 silly registry.get     'accept-ranges': 'bytes',
30 silly registry.get     date: 'Sun, 17 May 2015 03:16:21 GMT',
30 silly registry.get     via: '1.1 varnish',
30 silly registry.get     age: '0',
30 silly registry.get     connection: 'keep-alive',
30 silly registry.get     'x-served-by': 'cache-ams4125-AMS',
30 silly registry.get     'x-cache': 'MISS',
30 silly registry.get     'x-cache-hits': '0',
30 silly registry.get     'x-timer': 'S1431832581.041494,VS0,VE664' } ]
31 silly lockFile 4ff4b96b-mongo-js mongo-js@
32 silly lockFile 4ff4b96b-mongo-js mongo-js@
33 error 404 404 Not Found: mongo-js
33 error 404
33 error 404 'mongo-js' is not in the npm registry.
33 error 404 You should bug the author to publish it
33 error 404 It was specified as a dependency of 'scaleiq'
33 error 404
33 error 404 Maybe try 'npm search mongo'
33 error 404
33 error 404 Note that you can also install from a
33 error 404 tarball, folder, or http url, or git url.
34 error System Windows_NT 6.2.9200
35 error command "C:\\Program Files (x86)\\nodejs\\\\node.exe" "C:\\Program Files (x86)\\nodejs\\node_modules\\npm\\bin\\npm-cli.js" "install" "mongo-js" "--save"
36 error cwd C:\code\scaleiq
37 error node -v v0.10.33
38 error npm -v 1.4.28
39 error code E404
40 verbose exit [ 1, true ]
